#
# A fatal error has been detected by the Java Runtime Environment:
#
#  EXCEPTION_ACCESS_VIOLATION (0xc0000005) at pc=0x00007ffba7667db0, pid=9128, tid=7932
#
# JRE version: OpenJDK Runtime Environment (11.0.10) (build 11.0.10+0-b96-7249189)
# Java VM: OpenJDK 64-Bit Server VM (11.0.10+0-b96-7249189, mixed mode, tiered, compressed oops, g1 gc, windows-amd64)
# Problematic frame:
# V  [jvm.dll+0x357db0]
#
# No core dump will be written. Minidumps are not enabled by default on client versions of Windows
#
# If you would like to submit a bug report, please visit:
#   https://bugreport.java.com/bugreport/crash.jsp
#

---------------  S U M M A R Y ------------

Command Line: --add-opens=java.base/java.util=ALL-UNNAMED --add-opens=java.base/java.lang=ALL-UNNAMED --add-opens=java.base/java.lang.invoke=ALL-UNNAMED --add-opens=java.base/java.util=ALL-UNNAMED --add-opens=java.prefs/java.util.prefs=ALL-UNNAMED --add-opens=java.prefs/java.util.prefs=ALL-UNNAMED --add-opens=java.base/java.nio.charset=ALL-UNNAMED --add-opens=java.base/java.net=ALL-UNNAMED --add-opens=java.base/java.util.concurrent.atomic=ALL-UNNAMED -Xmx2048m -Dfile.encoding=UTF-8 -Duser.country=IL -Duser.language=iw -Duser.variant org.gradle.launcher.daemon.bootstrap.GradleDaemon 7.0.2

Host: Intel(R) Core(TM) i5-2410M CPU @ 2.30GHz, 4 cores, 7G,  Windows 10 , 64 bit Build 18362 (10.0.18362.778)
Time: Wed Oct 13 07:42:05 2021 ???? º?? ??????? elapsed time: 494.441407 seconds (0d 0h 8m 14s)

---------------  T H R E A D  ---------------

Current thread (0x000002c4b486b800):  JavaThread "C2 CompilerThread1" daemon [_thread_in_native, id=7932, stack(0x000000c9e5b00000,0x000000c9e5c00000)]


Current CompileTask:
C2: 494441 18297       4       org.gradle.api.internal.artifacts.transform.AttributeMatchingVariantSelector::doSelect (469 bytes)

Stack: [0x000000c9e5b00000,0x000000c9e5c00000],  sp=0x000000c9e5bfbb80,  free space=1006k
Native frames: (J=compiled Java code, j=interpreted, Vv=VM code, C=native code)
V  [jvm.dll+0x357db0]
V  [jvm.dll+0x351260]
V  [jvm.dll+0x198049]
V  [jvm.dll+0x1fb70e]
V  [jvm.dll+0x1fa7f4]
V  [jvm.dll+0x18354c]
V  [jvm.dll+0x208ee7]
V  [jvm.dll+0x207731]
V  [jvm.dll+0x6eb1cf]
V  [jvm.dll+0x6e3d45]
V  [jvm.dll+0x5ebe96]
C  [ucrtbase.dll+0x20e72]
C  [KERNEL32.DLL+0x17bd4]
C  [ntdll.dll+0x6ce51]


siginfo: EXCEPTION_ACCESS_VIOLATION (0xc0000005), reading address 0x00007efba7d07c38


Register to memory mapping:

RIP=0x00007ffba7667db0 jvm.dll
RAX=0x00007efba7d07c38 is an unknown value
RBX=0x00000000000000a8 is an unknown value
RCX=0x0000000000000003 is an unknown value
RDX=0x0 is NULL
RSP=0x000000c9e5bfbb80 is pointing into the stack for thread: 0x000002c4b486b800
RBP=0x0000000000000008 is an unknown value
RSI=0x00007ffba7d07c38 jvm.dll
RDI=0x000002c4ba7ec928 points into unknown readable memory: 0x000002c4b95b1670 | 70 16 5b b9 c4 02 00 00
R8 =0x000002c4b492af20 points into unknown readable memory: 0x0000001fff000000 | 00 00 00 ff 1f 00 00 00
R9 =0x000000c9e5bfbbd0 is pointing into the stack for thread: 0x000002c4b486b800
R10=0x0000000000000015 is an unknown value
R11=0x000000c9e5bfbae0 is pointing into the stack for thread: 0x000002c4b486b800
R12=0x00007ffba7310000 jvm.dll
R13=0x0000000000000008 is an unknown value
R14=0x0000000000000005 is an unknown value
R15=0x00007ffba7d07c38 jvm.dll


Registers:
RAX=0x00007efba7d07c38, RBX=0x00000000000000a8, RCX=0x0000000000000003, RDX=0x0000000000000000
RSP=0x000000c9e5bfbb80, RBP=0x0000000000000008, RSI=0x00007ffba7d07c38, RDI=0x000002c4ba7ec928
R8 =0x000002c4b492af20, R9 =0x000000c9e5bfbbd0, R10=0x0000000000000015, R11=0x000000c9e5bfbae0
R12=0x00007ffba7310000, R13=0x0000000000000008, R14=0x0000000000000005, R15=0x00007ffba7d07c38
RIP=0x00007ffba7667db0, EFLAGS=0x0000000000010246

Top of Stack: (sp=0x000000c9e5bfbb80)
0x000000c9e5bfbb80:   0000000000000000 0000000000000000
0x000000c9e5bfbb90:   000002c4b95b1678 000002c4baa7c900
0x000000c9e5bfbba0:   0000000000000b25 00007ffba7661260
0x000000c9e5bfbbb0:   000002c4bb9146d0 000000c9e5bfbcf0
0x000000c9e5bfbbc0:   0000000000000b25 00007ffba7b3cb70
0x000000c9e5bfbbd0:   00000b2900000000 000002c400000002
0x000000c9e5bfbbe0:   00007efba7d07c38 000000000000000c
0x000000c9e5bfbbf0:   000002c4bf903ff0 000002c40000001e
0x000000c9e5bfbc00:   000002c4bb914770 000000c9e5bfc178
0x000000c9e5bfbc10:   000002c4b7bb5e10 0000000000000000
0x000000c9e5bfbc20:   000000c9e5bfbd30 00007ffba74a8049
0x000000c9e5bfbc30:   000000c9e5bfc090 000000c9e5bfc178
0x000000c9e5bfbc40:   00000000000003d8 000002c4b7bb5e20
0x000000c9e5bfbc50:   0000000000000000 00007ffba7af7918
0x000000c9e5bfbc60:   000000c900000006 000002c4b7bb5e10
0x000000c9e5bfbc70:   000002c4b42554d0 000002c4b4257880 

Instructions: (pc=0x00007ffba7667db0)
0x00007ffba7667cb0:   58 4c 8b 64 24 50 48 8b c3 48 83 c4 20 41 5f 5f
0x00007ffba7667cc0:   5e 5d 5b c3 cc cc cc cc cc cc cc cc cc cc cc cc
0x00007ffba7667cd0:   83 3a 00 4c 8b c2 c7 41 08 08 00 00 00 75 16 33
0x00007ffba7667ce0:   d2 c7 41 18 01 00 00 00 89 11 48 8b c1 c7 41 28
0x00007ffba7667cf0:   01 00 00 00 c3 33 d2 48 89 11 89 51 18 41 8b 80
0x00007ffba7667d00:   90 00 00 00 89 41 28 48 89 51 10 49 8b 40 08 48
0x00007ffba7667d10:   89 41 20 48 8b c1 4c 89 41 30 c3 cc cc cc cc cc
0x00007ffba7667d20:   48 83 ec 28 8b 51 08 4c 8b c9 83 fa 08 73 18 4c
0x00007ffba7667d30:   8b 41 10 8b c2 41 83 3c 80 00 0f 85 0d 01 00 00
0x00007ffba7667d40:   ff c2 83 fa 08 72 ec 44 8b 51 18 48 89 5c 24 30
0x00007ffba7667d50:   48 89 6c 24 38 48 89 74 24 40 48 89 7c 24 20 44
0x00007ffba7667d60:   3b 51 28 0f 83 b9 00 00 00 8b 0d 0d ba 6d 00 48
0x00007ffba7667d70:   8d 35 c2 fe 69 00 65 48 8b 04 25 58 00 00 00 bd
0x00007ffba7667d80:   08 00 00 00 48 8d 3c c8 0f 1f 84 00 00 00 00 00
0x00007ffba7667d90:   41 8b c2 48 8d 1c c5 00 00 00 00 49 8b 41 20 48
0x00007ffba7667da0:   8b 04 03 48 3b c6 74 6d 49 89 41 10 33 d2 66 90
0x00007ffba7667db0:   83 38 00 0f 85 c3 00 00 00 ff c2 48 83 c0 04 83
0x00007ffba7667dc0:   fa 08 72 ec 4d 8b 59 30 4d 85 db 74 48 49 8b 43
0x00007ffba7667dd0:   08 8b d5 48 03 17 4c 8b 04 03 48 8b 02 48 8b 88
0x00007ffba7667de0:   d0 04 00 00 48 8b 81 88 00 00 00 48 8b 88 88 08
0x00007ffba7667df0:   00 00 49 89 08 48 8b 02 48 8b 88 d0 04 00 00 48
0x00007ffba7667e00:   8b 81 88 00 00 00 4c 89 80 88 08 00 00 49 8b 43
0x00007ffba7667e10:   08 48 89 34 03 41 ff c2 45 3b 51 28 0f 82 6e ff
0x00007ffba7667e20:   ff ff 41 8b 41 28 41 89 41 18 33 c0 41 c7 41 08
0x00007ffba7667e30:   08 00 00 00 48 8b 74 24 40 48 8b 6c 24 38 48 8b
0x00007ffba7667e40:   5c 24 30 48 8b 7c 24 20 48 83 c4 28 c3 8b 41 18
0x00007ffba7667e50:   8d 0c c2 8b c2 c1 e1 05 81 e9 00 01 00 00 41 89
0x00007ffba7667e60:   49 04 41 8b 0c 80 8d 42 01 41 89 09 49 8b c9 41
0x00007ffba7667e70:   89 41 08 48 83 c4 28 e9 a4 33 e4 ff 42 8d 04 d2
0x00007ffba7667e80:   c1 e0 05 41 89 41 04 49 8b 41 10 8b 0c 90 41 8d
0x00007ffba7667e90:   42 01 41 89 41 18 8d 42 01 41 89 09 49 8b c9 41
0x00007ffba7667ea0:   89 41 08 e8 78 33 e4 ff eb 8a cc cc cc cc cc cc 


Stack slot to memory mapping:
stack at sp + 0 slots: 0x0 is NULL
stack at sp + 1 slots: 0x0 is NULL
stack at sp + 2 slots: 0x000002c4b95b1678 points into unknown readable memory: 0x000002c4b486b800 | 00 b8 86 b4 c4 02 00 00
stack at sp + 3 slots: 0x000002c4baa7c900 points into unknown readable memory: 0x6874654d64657461 | 61 74 65 64 4d 65 74 68
stack at sp + 4 slots: 0x0000000000000b25 is an unknown value
stack at sp + 5 slots: 0x00007ffba7661260 jvm.dll
stack at sp + 6 slots: 0x000002c4bb9146d0 points into unknown readable memory: 0x000000000000000f | 0f 00 00 00 00 00 00 00
stack at sp + 7 slots: 0x000000c9e5bfbcf0 is pointing into the stack for thread: 0x000002c4b486b800


---------------  P R O C E S S  ---------------

Threads class SMR info:
_java_thread_list=0x000002c4b5d0bc30, length=51, elements={
0x000002c49964e000, 0x000002c4b322e000, 0x000002c4b3231800, 0x000002c4b324c800,
0x000002c4b324d800, 0x000002c4b324e800, 0x000002c4b3256000, 0x000002c4b3257000,
0x000002c4b3268000, 0x000002c4b3d0b800, 0x000002c4b4f10000, 0x000002c4b4d9d000,
0x000002c4b4c71000, 0x000002c4b4831000, 0x000002c4b482e800, 0x000002c4b482f800,
0x000002c4b4830800, 0x000002c4b482c800, 0x000002c4b607b800, 0x000002c4b607b000,
0x000002c4b607d000, 0x000002c4b607c800, 0x000002c4b6078800, 0x000002c4b6080800,
0x000002c4b6085800, 0x000002c4bac01800, 0x000002c4bac03800, 0x000002c4b4833000,
0x000002c4b4832000, 0x000002c4b482d000, 0x000002c4b482e000, 0x000002c4babfe800,
0x000002c4bac00000, 0x000002c4bac02800, 0x000002c4babfd800, 0x000002c4bac04000,
0x000002c4babff000, 0x000002c4bac05000, 0x000002c4bac06800, 0x000002c4bac01000,
0x000002c4bac0c800, 0x000002c4bac08000, 0x000002c4bac09000, 0x000002c4bac07800,
0x000002c4bac0a000, 0x000002c4bac0a800, 0x000002c4bac0b800, 0x000002c4b6076800,
0x000002c4b607e000, 0x000002c4b607f000, 0x000002c4b486b800
}

Java Threads: ( => current thread )
  0x000002c49964e000 JavaThread "main" [_thread_blocked, id=11812, stack(0x000000c9e3500000,0x000000c9e3600000)]
  0x000002c4b322e000 JavaThread "Reference Handler" daemon [_thread_blocked, id=6452, stack(0x000000c9e3c00000,0x000000c9e3d00000)]
  0x000002c4b3231800 JavaThread "Finalizer" daemon [_thread_blocked, id=8484, stack(0x000000c9e3d00000,0x000000c9e3e00000)]
  0x000002c4b324c800 JavaThread "Signal Dispatcher" daemon [_thread_blocked, id=9240, stack(0x000000c9e3e00000,0x000000c9e3f00000)]
  0x000002c4b324d800 JavaThread "Attach Listener" daemon [_thread_blocked, id=6896, stack(0x000000c9e3f00000,0x000000c9e4000000)]
  0x000002c4b324e800 JavaThread "Service Thread" daemon [_thread_blocked, id=4192, stack(0x000000c9e4000000,0x000000c9e4100000)]
  0x000002c4b3256000 JavaThread "C2 CompilerThread0" daemon [_thread_blocked, id=1364, stack(0x000000c9e4100000,0x000000c9e4200000)]
  0x000002c4b3257000 JavaThread "C1 CompilerThread0" daemon [_thread_blocked, id=5220, stack(0x000000c9e4200000,0x000000c9e4300000)]
  0x000002c4b3268000 JavaThread "Sweeper thread" daemon [_thread_blocked, id=10056, stack(0x000000c9e4300000,0x000000c9e4400000)]
  0x000002c4b3d0b800 JavaThread "Common-Cleaner" daemon [_thread_blocked, id=12156, stack(0x000000c9e4400000,0x000000c9e4500000)]
  0x000002c4b4f10000 JavaThread "Daemon health stats" [_thread_blocked, id=7900, stack(0x000000c9e4600000,0x000000c9e4700000)]
  0x000002c4b4d9d000 JavaThread "Incoming local TCP Connector on port 53963" [_thread_in_native, id=4168, stack(0x000000c9e4900000,0x000000c9e4a00000)]
  0x000002c4b4c71000 JavaThread "Daemon periodic checks" [_thread_blocked, id=10288, stack(0x000000c9e4a00000,0x000000c9e4b00000)]
  0x000002c4b4831000 JavaThread "Cache worker for file hash cache (C:\Users\noyz\.gradle\caches\7.0.2\fileHashes)" [_thread_blocked, id=12200, stack(0x000000c9e5200000,0x000000c9e5300000)]
  0x000002c4b482e800 JavaThread "File lock request listener" [_thread_in_native, id=9856, stack(0x000000c9e5300000,0x000000c9e5400000)]
  0x000002c4b482f800 JavaThread "Cache worker for journal cache (C:\Users\noyz\.gradle\caches\journal-1)" [_thread_blocked, id=336, stack(0x000000c9e5500000,0x000000c9e5600000)]
  0x000002c4b4830800 JavaThread "File watcher server" daemon [_thread_in_native, id=9712, stack(0x000000c9e5800000,0x000000c9e5900000)]
  0x000002c4b482c800 JavaThread "File watcher consumer" daemon [_thread_blocked, id=4000, stack(0x000000c9e5900000,0x000000c9e5a00000)]
  0x000002c4b607b800 JavaThread "Cache worker for execution history cache (C:\Users\noyz\.gradle\caches\7.0.2\executionHistory)" [_thread_blocked, id=11868, stack(0x000000c9e5d00000,0x000000c9e5e00000)]
  0x000002c4b607b000 JavaThread "jar transforms" [_thread_blocked, id=7748, stack(0x000000c9e5e00000,0x000000c9e5f00000)]
  0x000002c4b607d000 JavaThread "jar transforms Thread 2" [_thread_blocked, id=1480, stack(0x000000c9e5f00000,0x000000c9e6000000)]
  0x000002c4b607c800 JavaThread "Cache worker for file content cache (C:\Users\noyz\.gradle\caches\7.0.2\fileContent)" [_thread_blocked, id=3144, stack(0x000000c9e6000000,0x000000c9e6100000)]
  0x000002c4b6078800 JavaThread "jar transforms Thread 3" [_thread_blocked, id=10444, stack(0x000000c9e6200000,0x000000c9e6300000)]
  0x000002c4b6080800 JavaThread "jar transforms Thread 4" [_thread_blocked, id=11660, stack(0x000000c9e6800000,0x000000c9e6900000)]
  0x000002c4b6085800 JavaThread "Memory manager" [_thread_blocked, id=8028, stack(0x000000c9e6900000,0x000000c9e6a00000)]
  0x000002c4bac01800 JavaThread "Cache worker for Java compile cache (C:\Users\noyz\.gradle\caches\7.0.2\javaCompile)" [_thread_blocked, id=8228, stack(0x000000c9e7100000,0x000000c9e7200000)]
  0x000002c4bac03800 JavaThread "ForkJoinPool.commonPool-worker-7" daemon [_thread_blocked, id=8140, stack(0x000000c9e7900000,0x000000c9e7a00000)]
  0x000002c4b4833000 JavaThread "Daemon Thread 3" [_thread_blocked, id=8316, stack(0x000000c9e3200000,0x000000c9e3300000)]
  0x000002c4b4832000 JavaThread "Handler for socket connection from /127.0.0.1:53963 to /127.0.0.1:54220" [_thread_in_native, id=11120, stack(0x000000c9e3300000,0x000000c9e3400000)]
  0x000002c4b482d000 JavaThread "Cancel handler" [_thread_blocked, id=7420, stack(0x000000c9e3400000,0x000000c9e3500000)]
  0x000002c4b482e000 JavaThread "Daemon worker Thread 3" [_thread_blocked, id=2972, stack(0x000000c9e4b00000,0x000000c9e4c00000)]
  0x000002c4babfe800 JavaThread "Asynchronous log dispatcher for DefaultDaemonConnection: socket connection from /127.0.0.1:53963 to /127.0.0.1:54220" [_thread_blocked, id=1900, stack(0x000000c9e4c00000,0x000000c9e4d00000)]
  0x000002c4bac00000 JavaThread "Stdin handler" [_thread_blocked, id=4092, stack(0x000000c9e4d00000,0x000000c9e4e00000)]
  0x000002c4bac02800 JavaThread "Daemon client event forwarder" [_thread_blocked, id=10976, stack(0x000000c9e4e00000,0x000000c9e4f00000)]
  0x000002c4babfd800 JavaThread "Cache worker for file hash cache (C:\Users\noyz\AndroidStudioProjects\CardGameApp\.gradle\7.0.2\fileHashes)" [_thread_blocked, id=1124, stack(0x000000c9e4f00000,0x000000c9e5000000)]
  0x000002c4bac04000 JavaThread "Cache worker for checksums cache (C:\Users\noyz\AndroidStudioProjects\CardGameApp\.gradle\checksums)" [_thread_blocked, id=5448, stack(0x000000c9e5000000,0x000000c9e5100000)]
  0x000002c4babff000 JavaThread "Cache worker for cache directory md-supplier (C:\Users\noyz\.gradle\caches\7.0.2\md-supplier)" [_thread_blocked, id=1160, stack(0x000000c9e5100000,0x000000c9e5200000)]
  0x000002c4bac05000 JavaThread "Cache worker for cache directory md-rule (C:\Users\noyz\.gradle\caches\7.0.2\md-rule)" [_thread_blocked, id=9760, stack(0x000000c9e5600000,0x000000c9e5700000)]
  0x000002c4bac06800 JavaThread "Cache worker for dependencies-accessors (C:\Users\noyz\AndroidStudioProjects\CardGameApp\.gradle\7.0.2\dependencies-accessors)" [_thread_blocked, id=10120, stack(0x000000c9e5700000,0x000000c9e5800000)]
  0x000002c4bac01000 JavaThread "Cache worker for Build Output Cleanup Cache (C:\Users\noyz\AndroidStudioProjects\CardGameApp\.gradle\buildOutputCleanup)" [_thread_blocked, id=10016, stack(0x000000c9e5a00000,0x000000c9e5b00000)]
  0x000002c4bac0c800 JavaThread "Build operations" [_thread_blocked, id=10840, stack(0x000000c9e5c00000,0x000000c9e5d00000)]
  0x000002c4bac08000 JavaThread "Build operations Thread 2" [_thread_blocked, id=7708, stack(0x000000c9e6100000,0x000000c9e6200000)]
  0x000002c4bac09000 JavaThread "Build operations Thread 3" [_thread_blocked, id=10180, stack(0x000000c9e6300000,0x000000c9e6400000)]
  0x000002c4bac07800 JavaThread "Build operations Thread 4" [_thread_blocked, id=8080, stack(0x000000c9e6400000,0x000000c9e6500000)]
  0x000002c4bac0a000 JavaThread "build event listener" [_thread_blocked, id=7996, stack(0x000000c9e6500000,0x000000c9e6600000)]
  0x000002c4bac0a800 JavaThread "Execution worker for ':'" [_thread_in_Java, id=8428, stack(0x000000c9e6600000,0x000000c9e6700000)]
  0x000002c4bac0b800 JavaThread "Execution worker for ':' Thread 2" [_thread_blocked, id=8084, stack(0x000000c9e6700000,0x000000c9e6800000)]
  0x000002c4b6076800 JavaThread "Execution worker for ':' Thread 3" [_thread_blocked, id=4284, stack(0x000000c9e6a00000,0x000000c9e6b00000)]
  0x000002c4b607e000 JavaThread "Cache worker for execution history cache (C:\Users\noyz\AndroidStudioProjects\CardGameApp\.gradle\7.0.2\executionHistory)" [_thread_blocked, id=8196, stack(0x000000c9e6b00000,0x000000c9e6c00000)]
  0x000002c4b607f000 JavaThread "WorkerExecutor Queue" [_thread_blocked, id=12020, stack(0x000000c9e6c00000,0x000000c9e6d00000)]
=>0x000002c4b486b800 JavaThread "C2 CompilerThread1" daemon [_thread_in_native, id=7932, stack(0x000000c9e5b00000,0x000000c9e5c00000)]

Other Threads:
  0x000002c4b3229000 VMThread "VM Thread" [stack: 0x000000c9e3b00000,0x000000c9e3c00000] [id=10852]
  0x000002c4b3d26800 WatcherThread [stack: 0x000000c9e4500000,0x000000c9e4600000] [id=9172]
  0x000002c499667000 GCTaskThread "GC Thread#0" [stack: 0x000000c9e3600000,0x000000c9e3700000] [id=8388]
  0x000002c4b3eff000 GCTaskThread "GC Thread#1" [stack: 0x000000c9e4700000,0x000000c9e4800000] [id=8684]
  0x000002c4b41c1000 GCTaskThread "GC Thread#2" [stack: 0x000000c9e4800000,0x000000c9e4900000] [id=6108]
  0x000002c4b5c90800 GCTaskThread "GC Thread#3" [stack: 0x000000c9e5400000,0x000000c9e5500000] [id=9132]
  0x000002c499696800 ConcurrentGCThread "G1 Main Marker" [stack: 0x000000c9e3700000,0x000000c9e3800000] [id=12000]
  0x000002c499699000 ConcurrentGCThread "G1 Conc#0" [stack: 0x000000c9e3800000,0x000000c9e3900000] [id=9288]
  0x000002c4b3080800 ConcurrentGCThread "G1 Refine#0" [stack: 0x000000c9e3900000,0x000000c9e3a00000] [id=8692]
  0x000002c4b3081000 ConcurrentGCThread "G1 Young RemSet Sampling" [stack: 0x000000c9e3a00000,0x000000c9e3b00000] [id=6000]

Threads with active compile tasks:
C2 CompilerThread0 494563 18357       4       org.gradle.api.internal.artifacts.ivyservice.resolveengine.graph.builder.DependencyState::getModuleIdentifier (34 bytes)
C2 CompilerThread1 494563 18297       4       org.gradle.api.internal.artifacts.transform.AttributeMatchingVariantSelector::doSelect (469 bytes)

VM state:not at safepoint (normal execution)

VM Mutex/Monitor currently owned by a thread: None

Heap address: 0x0000000080000000, size: 2048 MB, Compressed Oops mode: 32-bit
Narrow klass base: 0x0000000000000000, Narrow klass shift: 3
Compressed class space size: 1073741824 Address: 0x0000000100000000

Heap:
 garbage-first heap   total 191488K, used 134326K [0x0000000080000000, 0x0000000100000000)
  region size 1024K, 6 young (6144K), 1 survivors (1024K)
 Metaspace       used 115616K, capacity 118752K, committed 118988K, reserved 1153024K
  class space    used 14793K, capacity 15973K, committed 16076K, reserved 1048576K
Heap Regions: E=young(eden), S=young(survivor), O=old, HS=humongous(starts), HC=humongous(continues), CS=collection set, F=free, A=archive, TAMS=top-at-mark-start (previous, next)
|   0|0x0000000080000000, 0x0000000080100000, 0x0000000080100000|100%| O|  |TAMS 0x0000000080100000, 0x0000000080100000| Untracked 
|   1|0x0000000080100000, 0x0000000080200000, 0x0000000080200000|100%| O|  |TAMS 0x0000000080200000, 0x0000000080200000| Untracked 
|   2|0x0000000080200000, 0x0000000080300000, 0x0000000080300000|100%| O|  |TAMS 0x0000000080300000, 0x0000000080300000| Untracked 
|   3|0x0000000080300000, 0x0000000080400000, 0x0000000080400000|100%|HS|  |TAMS 0x0000000080400000, 0x0000000080400000| Complete 
|   4|0x0000000080400000, 0x0000000080500000, 0x0000000080500000|100%|HC|  |TAMS 0x0000000080500000, 0x0000000080500000| Complete 
|   5|0x0000000080500000, 0x0000000080600000, 0x0000000080600000|100%|HC|  |TAMS 0x0000000080600000, 0x0000000080600000| Complete 
|   6|0x0000000080600000, 0x0000000080700000, 0x0000000080700000|100%| O|  |TAMS 0x0000000080700000, 0x0000000080700000| Untracked 
|   7|0x0000000080700000, 0x0000000080800000, 0x0000000080800000|100%| O|  |TAMS 0x0000000080800000, 0x0000000080800000| Untracked 
|   8|0x0000000080800000, 0x0000000080900000, 0x0000000080900000|100%| O|  |TAMS 0x0000000080900000, 0x0000000080900000| Untracked 
|   9|0x0000000080900000, 0x0000000080a00000, 0x0000000080a00000|100%| O|  |TAMS 0x0000000080a00000, 0x0000000080a00000| Untracked 
|  10|0x0000000080a00000, 0x0000000080b00000, 0x0000000080b00000|100%| O|  |TAMS 0x0000000080b00000, 0x0000000080b00000| Untracked 
|  11|0x0000000080b00000, 0x0000000080c00000, 0x0000000080c00000|100%| O|  |TAMS 0x0000000080c00000, 0x0000000080c00000| Untracked 
|  12|0x0000000080c00000, 0x0000000080d00000, 0x0000000080d00000|100%| O|  |TAMS 0x0000000080d00000, 0x0000000080d00000| Untracked 
|  13|0x0000000080d00000, 0x0000000080e00000, 0x0000000080e00000|100%| O|  |TAMS 0x0000000080e00000, 0x0000000080e00000| Untracked 
|  14|0x0000000080e00000, 0x0000000080f00000, 0x0000000080f00000|100%|HS|  |TAMS 0x0000000080f00000, 0x0000000080f00000| Complete 
|  15|0x0000000080f00000, 0x0000000081000000, 0x0000000081000000|100%| O|  |TAMS 0x0000000081000000, 0x0000000081000000| Untracked 
|  16|0x0000000081000000, 0x0000000081100000, 0x0000000081100000|100%| O|  |TAMS 0x0000000081100000, 0x0000000081100000| Untracked 
|  17|0x0000000081100000, 0x0000000081200000, 0x0000000081200000|100%| O|  |TAMS 0x0000000081200000, 0x0000000081200000| Untracked 
|  18|0x0000000081200000, 0x0000000081300000, 0x0000000081300000|100%| O|  |TAMS 0x0000000081300000, 0x0000000081300000| Untracked 
|  19|0x0000000081300000, 0x0000000081400000, 0x0000000081400000|100%| O|  |TAMS 0x0000000081400000, 0x0000000081400000| Untracked 
|  20|0x0000000081400000, 0x0000000081500000, 0x0000000081500000|100%| O|  |TAMS 0x0000000081500000, 0x0000000081500000| Untracked 
|  21|0x0000000081500000, 0x0000000081600000, 0x0000000081600000|100%| O|  |TAMS 0x0000000081600000, 0x0000000081600000| Untracked 
|  22|0x0000000081600000, 0x0000000081700000, 0x0000000081700000|100%| O|  |TAMS 0x0000000081700000, 0x0000000081700000| Untracked 
|  23|0x0000000081700000, 0x0000000081800000, 0x0000000081800000|100%| O|  |TAMS 0x0000000081800000, 0x0000000081800000| Untracked 
|  24|0x0000000081800000, 0x0000000081900000, 0x0000000081900000|100%| O|  |TAMS 0x0000000081900000, 0x0000000081900000| Untracked 
|  25|0x0000000081900000, 0x0000000081a00000, 0x0000000081a00000|100%| O|  |TAMS 0x0000000081a00000, 0x0000000081a00000| Untracked 
|  26|0x0000000081a00000, 0x0000000081b00000, 0x0000000081b00000|100%| O|  |TAMS 0x0000000081b00000, 0x0000000081b00000| Untracked 
|  27|0x0000000081b00000, 0x0000000081c00000, 0x0000000081c00000|100%|HS|  |TAMS 0x0000000081c00000, 0x0000000081c00000| Complete 
|  28|0x0000000081c00000, 0x0000000081d00000, 0x0000000081d00000|100%|HS|  |TAMS 0x0000000081d00000, 0x0000000081d00000| Complete 
|  29|0x0000000081d00000, 0x0000000081e00000, 0x0000000081e00000|100%|HC|  |TAMS 0x0000000081e00000, 0x0000000081e00000| Complete 
|  30|0x0000000081e00000, 0x0000000081e00000, 0x0000000081f00000|  0%| F|  |TAMS 0x0000000081e00000, 0x0000000081e00000| Untracked 
|  31|0x0000000081f00000, 0x0000000082000000, 0x0000000082000000|100%| O|  |TAMS 0x0000000082000000, 0x0000000082000000| Untracked 
|  32|0x0000000082000000, 0x0000000082100000, 0x0000000082100000|100%| O|  |TAMS 0x0000000082100000, 0x0000000082100000| Untracked 
|  33|0x0000000082100000, 0x0000000082200000, 0x0000000082200000|100%| O|  |TAMS 0x0000000082200000, 0x0000000082200000| Untracked 
|  34|0x0000000082200000, 0x0000000082300000, 0x0000000082300000|100%| O|  |TAMS 0x0000000082300000, 0x0000000082300000| Untracked 
|  35|0x0000000082300000, 0x0000000082400000, 0x0000000082400000|100%| O|  |TAMS 0x0000000082400000, 0x0000000082400000| Untracked 
|  36|0x0000000082400000, 0x0000000082500000, 0x0000000082500000|100%| O|  |TAMS 0x0000000082500000, 0x0000000082500000| Untracked 
|  37|0x0000000082500000, 0x0000000082600000, 0x0000000082600000|100%| O|  |TAMS 0x0000000082600000, 0x0000000082600000| Untracked 
|  38|0x0000000082600000, 0x0000000082700000, 0x0000000082700000|100%| O|  |TAMS 0x0000000082700000, 0x0000000082700000| Untracked 
|  39|0x0000000082700000, 0x0000000082800000, 0x0000000082800000|100%| O|  |TAMS 0x0000000082800000, 0x0000000082800000| Untracked 
|  40|0x0000000082800000, 0x0000000082900000, 0x0000000082900000|100%| O|  |TAMS 0x0000000082900000, 0x0000000082900000| Untracked 
|  41|0x0000000082900000, 0x0000000082a00000, 0x0000000082a00000|100%| O|  |TAMS 0x0000000082a00000, 0x0000000082a00000| Untracked 
|  42|0x0000000082a00000, 0x0000000082b00000, 0x0000000082b00000|100%| O|  |TAMS 0x0000000082b00000, 0x0000000082b00000| Untracked 
|  43|0x0000000082b00000, 0x0000000082c00000, 0x0000000082c00000|100%| O|  |TAMS 0x0000000082c00000, 0x0000000082c00000| Untracked 
|  44|0x0000000082c00000, 0x0000000082d00000, 0x0000000082d00000|100%| O|  |TAMS 0x0000000082d00000, 0x0000000082d00000| Untracked 
|  45|0x0000000082d00000, 0x0000000082e00000, 0x0000000082e00000|100%| O|  |TAMS 0x0000000082e00000, 0x0000000082e00000| Untracked 
|  46|0x0000000082e00000, 0x0000000082f00000, 0x0000000082f00000|100%| O|  |TAMS 0x0000000082f00000, 0x0000000082f00000| Untracked 
|  47|0x0000000082f00000, 0x0000000083000000, 0x0000000083000000|100%| O|  |TAMS 0x0000000083000000, 0x0000000083000000| Untracked 
|  48|0x0000000083000000, 0x0000000083100000, 0x0000000083100000|100%| O|  |TAMS 0x0000000083100000, 0x0000000083100000| Untracked 
|  49|0x0000000083100000, 0x0000000083200000, 0x0000000083200000|100%| O|  |TAMS 0x0000000083200000, 0x0000000083200000| Untracked 
|  50|0x0000000083200000, 0x0000000083300000, 0x0000000083300000|100%| O|  |TAMS 0x0000000083300000, 0x0000000083300000| Untracked 
|  51|0x0000000083300000, 0x0000000083400000, 0x0000000083400000|100%| O|  |TAMS 0x0000000083400000, 0x0000000083400000| Untracked 
|  52|0x0000000083400000, 0x0000000083500000, 0x0000000083500000|100%| O|  |TAMS 0x0000000083500000, 0x0000000083500000| Untracked 
|  53|0x0000000083500000, 0x0000000083600000, 0x0000000083600000|100%| O|  |TAMS 0x0000000083600000, 0x0000000083600000| Untracked 
|  54|0x0000000083600000, 0x0000000083700000, 0x0000000083700000|100%| O|  |TAMS 0x0000000083700000, 0x0000000083700000| Untracked 
|  55|0x0000000083700000, 0x0000000083800000, 0x0000000083800000|100%| O|  |TAMS 0x0000000083800000, 0x0000000083800000| Untracked 
|  56|0x0000000083800000, 0x0000000083900000, 0x0000000083900000|100%| O|  |TAMS 0x0000000083900000, 0x0000000083900000| Untracked 
|  57|0x0000000083900000, 0x0000000083900000, 0x0000000083a00000|  0%| F|  |TAMS 0x0000000083900000, 0x0000000083900000| Untracked 
|  58|0x0000000083a00000, 0x0000000083b00000, 0x0000000083b00000|100%| O|  |TAMS 0x0000000083b00000, 0x0000000083b00000| Untracked 
|  59|0x0000000083b00000, 0x0000000083c00000, 0x0000000083c00000|100%| O|  |TAMS 0x0000000083c00000, 0x0000000083c00000| Untracked 
|  60|0x0000000083c00000, 0x0000000083d00000, 0x0000000083d00000|100%| O|  |TAMS 0x0000000083d00000, 0x0000000083d00000| Untracked 
|  61|0x0000000083d00000, 0x0000000083d00000, 0x0000000083e00000|  0%| F|  |TAMS 0x0000000083d00000, 0x0000000083d00000| Untracked 
|  62|0x0000000083e00000, 0x0000000083f00000, 0x0000000083f00000|100%| O|  |TAMS 0x0000000083f00000, 0x0000000083f00000| Untracked 
|  63|0x0000000083f00000, 0x0000000084000000, 0x0000000084000000|100%| O|  |TAMS 0x0000000084000000, 0x0000000084000000| Untracked 
|  64|0x0000000084000000, 0x0000000084100000, 0x0000000084100000|100%| O|  |TAMS 0x0000000084100000, 0x0000000084100000| Untracked 
|  65|0x0000000084100000, 0x0000000084200000, 0x0000000084200000|100%| O|  |TAMS 0x0000000084200000, 0x0000000084200000| Untracked 
|  66|0x0000000084200000, 0x0000000084200000, 0x0000000084300000|  0%| F|  |TAMS 0x0000000084200000, 0x0000000084200000| Untracked 
|  67|0x0000000084300000, 0x0000000084400000, 0x0000000084400000|100%| O|  |TAMS 0x0000000084400000, 0x0000000084400000| Untracked 
|  68|0x0000000084400000, 0x0000000084500000, 0x0000000084500000|100%| O|  |TAMS 0x0000000084500000, 0x0000000084500000| Untracked 
|  69|0x0000000084500000, 0x0000000084600000, 0x0000000084600000|100%| O|  |TAMS 0x0000000084600000, 0x0000000084600000| Untracked 
|  70|0x0000000084600000, 0x0000000084700000, 0x0000000084700000|100%| O|  |TAMS 0x0000000084700000, 0x0000000084700000| Untracked 
|  71|0x0000000084700000, 0x0000000084800000, 0x0000000084800000|100%| O|  |TAMS 0x0000000084800000, 0x0000000084800000| Untracked 
|  72|0x0000000084800000, 0x0000000084800000, 0x0000000084900000|  0%| F|  |TAMS 0x0000000084800000, 0x0000000084800000| Untracked 
|  73|0x0000000084900000, 0x0000000084a00000, 0x0000000084a00000|100%| O|  |TAMS 0x0000000084a00000, 0x0000000084a00000| Untracked 
|  74|0x0000000084a00000, 0x0000000084b00000, 0x0000000084b00000|100%| O|  |TAMS 0x0000000084b00000, 0x0000000084b00000| Untracked 
|  75|0x0000000084b00000, 0x0000000084c00000, 0x0000000084c00000|100%| O|  |TAMS 0x0000000084c00000, 0x0000000084c00000| Untracked 
|  76|0x0000000084c00000, 0x0000000084d00000, 0x0000000084d00000|100%| O|  |TAMS 0x0000000084d00000, 0x0000000084d00000| Untracked 
|  77|0x0000000084d00000, 0x0000000084e00000, 0x0000000084e00000|100%| O|  |TAMS 0x0000000084e00000, 0x0000000084e00000| Untracked 
|  78|0x0000000084e00000, 0x0000000084f00000, 0x0000000084f00000|100%| O|  |TAMS 0x0000000084f00000, 0x0000000084f00000| Untracked 
|  79|0x0000000084f00000, 0x0000000085000000, 0x0000000085000000|100%| O|  |TAMS 0x0000000085000000, 0x0000000085000000| Untracked 
|  80|0x0000000085000000, 0x0000000085100000, 0x0000000085100000|100%| O|  |TAMS 0x0000000085100000, 0x0000000085100000| Untracked 
|  81|0x0000000085100000, 0x0000000085200000, 0x0000000085200000|100%| O|  |TAMS 0x0000000085200000, 0x0000000085200000| Untracked 
|  82|0x0000000085200000, 0x0000000085300000, 0x0000000085300000|100%| O|  |TAMS 0x0000000085300000, 0x0000000085300000| Untracked 
|  83|0x0000000085300000, 0x0000000085400000, 0x0000000085400000|100%| O|  |TAMS 0x0000000085400000, 0x0000000085400000| Untracked 
|  84|0x0000000085400000, 0x0000000085500000, 0x0000000085500000|100%| O|  |TAMS 0x0000000085500000, 0x0000000085500000| Untracked 
|  85|0x0000000085500000, 0x0000000085500000, 0x0000000085600000|  0%| F|  |TAMS 0x0000000085500000, 0x0000000085500000| Untracked 
|  86|0x0000000085600000, 0x0000000085700000, 0x0000000085700000|100%| O|  |TAMS 0x0000000085700000, 0x0000000085700000| Untracked 
|  87|0x0000000085700000, 0x0000000085800000, 0x0000000085800000|100%| O|  |TAMS 0x0000000085800000, 0x0000000085800000| Untracked 
|  88|0x0000000085800000, 0x0000000085900000, 0x0000000085900000|100%| O|  |TAMS 0x0000000085900000, 0x0000000085900000| Untracked 
|  89|0x0000000085900000, 0x0000000085a00000, 0x0000000085a00000|100%| O|  |TAMS 0x0000000085a00000, 0x0000000085a00000| Untracked 
|  90|0x0000000085a00000, 0x0000000085b00000, 0x0000000085b00000|100%| O|  |TAMS 0x0000000085b00000, 0x0000000085b00000| Untracked 
|  91|0x0000000085b00000, 0x0000000085c00000, 0x0000000085c00000|100%| O|  |TAMS 0x0000000085c00000, 0x0000000085c00000| Untracked 
|  92|0x0000000085c00000, 0x0000000085c00000, 0x0000000085d00000|  0%| F|  |TAMS 0x0000000085c00000, 0x0000000085c00000| Untracked 
|  93|0x0000000085d00000, 0x0000000085e00000, 0x0000000085e00000|100%| O|  |TAMS 0x0000000085d00000, 0x0000000085e00000| Untracked 
|  94|0x0000000085e00000, 0x0000000085f00000, 0x0000000085f00000|100%| O|  |TAMS 0x0000000085f00000, 0x0000000085f00000| Untracked 
|  95|0x0000000085f00000, 0x0000000086000000, 0x0000000086000000|100%| O|  |TAMS 0x0000000086000000, 0x0000000086000000| Untracked 
|  96|0x0000000086000000, 0x0000000086100000, 0x0000000086100000|100%| O|  |TAMS 0x0000000086100000, 0x0000000086100000| Untracked 
|  97|0x0000000086100000, 0x0000000086200000, 0x0000000086200000|100%| O|  |TAMS 0x0000000086200000, 0x0000000086200000| Untracked 
|  98|0x0000000086200000, 0x0000000086200000, 0x0000000086300000|  0%| F|  |TAMS 0x0000000086200000, 0x0000000086200000| Untracked 
|  99|0x0000000086300000, 0x0000000086300000, 0x0000000086400000|  0%| F|  |TAMS 0x0000000086300000, 0x0000000086300000| Untracked 
| 100|0x0000000086400000, 0x0000000086500000, 0x0000000086500000|100%| O|  |TAMS 0x0000000086500000, 0x0000000086500000| Untracked 
| 101|0x0000000086500000, 0x0000000086600000, 0x0000000086600000|100%| O|  |TAMS 0x0000000086600000, 0x0000000086600000| Untracked 
| 102|0x0000000086600000, 0x0000000086700000, 0x0000000086700000|100%| O|  |TAMS 0x0000000086700000, 0x0000000086700000| Untracked 
| 103|0x0000000086700000, 0x0000000086700000, 0x0000000086800000|  0%| F|  |TAMS 0x0000000086700000, 0x0000000086700000| Untracked 
| 104|0x0000000086800000, 0x0000000086900000, 0x0000000086900000|100%| O|  |TAMS 0x0000000086900000, 0x0000000086900000| Untracked 
| 105|0x0000000086900000, 0x0000000086a00000, 0x0000000086a00000|100%| O|  |TAMS 0x0000000086a00000, 0x0000000086a00000| Untracked 
| 106|0x0000000086a00000, 0x0000000086b00000, 0x0000000086b00000|100%| O|  |TAMS 0x0000000086b00000, 0x0000000086b00000| Untracked 
| 107|0x0000000086b00000, 0x0000000086c00000, 0x0000000086c00000|100%| O|  |TAMS 0x0000000086c00000, 0x0000000086c00000| Untracked 
| 108|0x0000000086c00000, 0x0000000086d00000, 0x0000000086d00000|100%| O|  |TAMS 0x0000000086d00000, 0x0000000086d00000| Untracked 
| 109|0x0000000086d00000, 0x0000000086e00000, 0x0000000086e00000|100%| O|  |TAMS 0x0000000086e00000, 0x0000000086e00000| Untracked 
| 110|0x0000000086e00000, 0x0000000086f00000, 0x0000000086f00000|100%| O|  |TAMS 0x0000000086f00000, 0x0000000086f00000| Untracked 
| 111|0x0000000086f00000, 0x0000000087000000, 0x0000000087000000|100%| O|  |TAMS 0x0000000087000000, 0x0000000087000000| Untracked 
| 112|0x0000000087000000, 0x0000000087100000, 0x0000000087100000|100%| O|  |TAMS 0x0000000087100000, 0x0000000087100000| Untracked 
| 113|0x0000000087100000, 0x0000000087200000, 0x0000000087200000|100%| O|  |TAMS 0x0000000087200000, 0x0000000087200000| Untracked 
| 114|0x0000000087200000, 0x0000000087300000, 0x0000000087300000|100%| O|  |TAMS 0x0000000087300000, 0x0000000087300000| Untracked 
| 115|0x0000000087300000, 0x0000000087400000, 0x0000000087400000|100%| O|  |TAMS 0x0000000087400000, 0x0000000087400000| Untracked 
| 116|0x0000000087400000, 0x0000000087500000, 0x0000000087500000|100%| O|  |TAMS 0x0000000087500000, 0x0000000087500000| Untracked 
| 117|0x0000000087500000, 0x0000000087600000, 0x0000000087600000|100%| O|  |TAMS 0x0000000087600000, 0x0000000087600000| Untracked 
| 118|0x0000000087600000, 0x0000000087700000, 0x0000000087700000|100%| O|  |TAMS 0x0000000087700000, 0x0000000087700000| Untracked 
| 119|0x0000000087700000, 0x0000000087800000, 0x0000000087800000|100%| O|  |TAMS 0x0000000087800000, 0x0000000087800000| Untracked 
| 120|0x0000000087800000, 0x0000000087900000, 0x0000000087900000|100%| O|  |TAMS 0x0000000087900000, 0x0000000087900000| Untracked 
| 121|0x0000000087900000, 0x0000000087900000, 0x0000000087a00000|  0%| F|  |TAMS 0x0000000087900000, 0x0000000087900000| Untracked 
| 122|0x0000000087a00000, 0x0000000087b00000, 0x0000000087b00000|100%| O|  |TAMS 0x0000000087b00000, 0x0000000087b00000| Untracked 
| 123|0x0000000087b00000, 0x0000000087c00000, 0x0000000087c00000|100%| O|  |TAMS 0x0000000087c00000, 0x0000000087c00000| Untracked 
| 124|0x0000000087c00000, 0x0000000087c00000, 0x0000000087d00000|  0%| F|  |TAMS 0x0000000087c00000, 0x0000000087c00000| Untracked 
| 125|0x0000000087d00000, 0x0000000087e00000, 0x0000000087e00000|100%| O|  |TAMS 0x0000000087e00000, 0x0000000087e00000| Untracked 
| 126|0x0000000087e00000, 0x0000000087f00000, 0x0000000087f00000|100%| O|  |TAMS 0x0000000087f00000, 0x0000000087f00000| Untracked 
| 127|0x0000000087f00000, 0x0000000088000000, 0x0000000088000000|100%| O|  |TAMS 0x0000000088000000, 0x0000000088000000| Untracked 
| 128|0x0000000088000000, 0x0000000088100000, 0x0000000088100000|100%| O|  |TAMS 0x00000000880d1c00, 0x0000000088100000| Untracked 
| 129|0x0000000088100000, 0x0000000088200000, 0x0000000088200000|100%| O|  |TAMS 0x0000000088200000, 0x0000000088200000| Untracked 
| 130|0x0000000088200000, 0x0000000088300000, 0x0000000088300000|100%| O|  |TAMS 0x0000000088200000, 0x0000000088300000| Untracked 
| 131|0x0000000088300000, 0x0000000088400000, 0x0000000088400000|100%| O|  |TAMS 0x0000000088300000, 0x0000000088400000| Untracked 
| 132|0x0000000088400000, 0x0000000088500000, 0x0000000088500000|100%| O|  |TAMS 0x0000000088400000, 0x0000000088500000| Untracked 
| 133|0x0000000088500000, 0x0000000088600000, 0x0000000088600000|100%| O|  |TAMS 0x0000000088500000, 0x0000000088600000| Untracked 
| 134|0x0000000088600000, 0x0000000088700000, 0x0000000088700000|100%| O|  |TAMS 0x0000000088600000, 0x0000000088700000| Untracked 
| 135|0x0000000088700000, 0x000000008879c200, 0x0000000088800000| 60%| O|  |TAMS 0x0000000088700000, 0x000000008879c200| Untracked 
| 136|0x0000000088800000, 0x0000000088800000, 0x0000000088900000|  0%| F|  |TAMS 0x0000000088800000, 0x0000000088800000| Untracked 
| 137|0x0000000088900000, 0x0000000088900000, 0x0000000088a00000|  0%| F|  |TAMS 0x0000000088900000, 0x0000000088900000| Untracked 
| 138|0x0000000088a00000, 0x0000000088a00000, 0x0000000088b00000|  0%| F|  |TAMS 0x0000000088a00000, 0x0000000088a00000| Untracked 
| 139|0x0000000088b00000, 0x0000000088b00000, 0x0000000088c00000|  0%| F|  |TAMS 0x0000000088b00000, 0x0000000088b00000| Untracked 
| 140|0x0000000088c00000, 0x0000000088c00000, 0x0000000088d00000|  0%| F|  |TAMS 0x0000000088c00000, 0x0000000088c00000| Untracked 
| 141|0x0000000088d00000, 0x0000000088d00000, 0x0000000088e00000|  0%| F|  |TAMS 0x0000000088d00000, 0x0000000088d00000| Untracked 
| 142|0x0000000088e00000, 0x0000000088e00000, 0x0000000088f00000|  0%| F|  |TAMS 0x0000000088e00000, 0x0000000088e00000| Untracked 
| 143|0x0000000088f00000, 0x0000000088f00000, 0x0000000089000000|  0%| F|  |TAMS 0x0000000088f00000, 0x0000000088f00000| Untracked 
| 144|0x0000000089000000, 0x0000000089000000, 0x0000000089100000|  0%| F|  |TAMS 0x0000000089000000, 0x0000000089000000| Untracked 
| 145|0x0000000089100000, 0x0000000089100000, 0x0000000089200000|  0%| F|  |TAMS 0x0000000089100000, 0x0000000089100000| Untracked 
| 146|0x0000000089200000, 0x0000000089200000, 0x0000000089300000|  0%| F|  |TAMS 0x0000000089200000, 0x0000000089200000| Untracked 
| 147|0x0000000089300000, 0x0000000089300000, 0x0000000089400000|  0%| F|  |TAMS 0x0000000089300000, 0x0000000089300000| Untracked 
| 148|0x0000000089400000, 0x0000000089400000, 0x0000000089500000|  0%| F|  |TAMS 0x0000000089400000, 0x0000000089400000| Untracked 
| 149|0x0000000089500000, 0x0000000089500000, 0x0000000089600000|  0%| F|  |TAMS 0x0000000089500000, 0x0000000089500000| Untracked 
| 150|0x0000000089600000, 0x0000000089600000, 0x0000000089700000|  0%| F|  |TAMS 0x0000000089600000, 0x0000000089600000| Untracked 
| 151|0x0000000089700000, 0x0000000089700000, 0x0000000089800000|  0%| F|  |TAMS 0x0000000089700000, 0x0000000089700000| Untracked 
| 152|0x0000000089800000, 0x0000000089800000, 0x0000000089900000|  0%| F|  |TAMS 0x0000000089800000, 0x0000000089800000| Untracked 
| 153|0x0000000089900000, 0x0000000089900000, 0x0000000089a00000|  0%| F|  |TAMS 0x0000000089900000, 0x0000000089900000| Untracked 
| 154|0x0000000089a00000, 0x0000000089a00000, 0x0000000089b00000|  0%| F|  |TAMS 0x0000000089a00000, 0x0000000089a00000| Untracked 
| 155|0x0000000089b00000, 0x0000000089b00000, 0x0000000089c00000|  0%| F|  |TAMS 0x0000000089b00000, 0x0000000089b00000| Untracked 
| 156|0x0000000089c00000, 0x0000000089c00000, 0x0000000089d00000|  0%| F|  |TAMS 0x0000000089c00000, 0x0000000089c00000| Untracked 
| 157|0x0000000089d00000, 0x0000000089d00000, 0x0000000089e00000|  0%| F|  |TAMS 0x0000000089d00000, 0x0000000089d00000| Untracked 
| 158|0x0000000089e00000, 0x0000000089f00000, 0x0000000089f00000|100%| O|  |TAMS 0x0000000089e00000, 0x0000000089f00000| Untracked 
| 159|0x0000000089f00000, 0x000000008a000000, 0x000000008a000000|100%| O|  |TAMS 0x0000000089f00000, 0x000000008a000000| Untracked 
| 160|0x000000008a000000, 0x000000008a100000, 0x000000008a100000|100%| O|  |TAMS 0x000000008a000000, 0x000000008a100000| Untracked 
| 161|0x000000008a100000, 0x000000008a100000, 0x000000008a200000|  0%| F|  |TAMS 0x000000008a100000, 0x000000008a100000| Untracked 
| 162|0x000000008a200000, 0x000000008a200000, 0x000000008a300000|  0%| F|  |TAMS 0x000000008a200000, 0x000000008a200000| Untracked 
| 163|0x000000008a300000, 0x000000008a300000, 0x000000008a400000|  0%| F|  |TAMS 0x000000008a300000, 0x000000008a300000| Untracked 
| 164|0x000000008a400000, 0x000000008a4917e0, 0x000000008a500000| 56%| S|CS|TAMS 0x000000008a400000, 0x000000008a400000| Complete 
| 165|0x000000008a500000, 0x000000008a500000, 0x000000008a600000|  0%| F|  |TAMS 0x000000008a500000, 0x000000008a500000| Untracked 
| 166|0x000000008a600000, 0x000000008a600000, 0x000000008a700000|  0%| F|  |TAMS 0x000000008a600000, 0x000000008a600000| Untracked 
| 167|0x000000008a700000, 0x000000008a700000, 0x000000008a800000|  0%| F|  |TAMS 0x000000008a700000, 0x000000008a700000| Untracked 
| 168|0x000000008a800000, 0x000000008a800000, 0x000000008a900000|  0%| F|  |TAMS 0x000000008a800000, 0x000000008a800000| Untracked 
| 169|0x000000008a900000, 0x000000008a900000, 0x000000008aa00000|  0%| F|  |TAMS 0x000000008a900000, 0x000000008a900000| Untracked 
| 170|0x000000008aa00000, 0x000000008aa00000, 0x000000008ab00000|  0%| F|  |TAMS 0x000000008aa00000, 0x000000008aa00000| Untracked 
| 171|0x000000008ab00000, 0x000000008ab00000, 0x000000008ac00000|  0%| F|  |TAMS 0x000000008ab00000, 0x000000008ab00000| Untracked 
| 172|0x000000008ac00000, 0x000000008ac00000, 0x000000008ad00000|  0%| F|  |TAMS 0x000000008ac00000, 0x000000008ac00000| Untracked 
| 173|0x000000008ad00000, 0x000000008ad00000, 0x000000008ae00000|  0%| F|  |TAMS 0x000000008ad00000, 0x000000008ad00000| Untracked 
| 174|0x000000008ae00000, 0x000000008ae00000, 0x000000008af00000|  0%| F|  |TAMS 0x000000008ae00000, 0x000000008ae00000| Untracked 
| 175|0x000000008af00000, 0x000000008af00000, 0x000000008b000000|  0%| F|  |TAMS 0x000000008af00000, 0x000000008af00000| Untracked 
| 176|0x000000008b000000, 0x000000008b000000, 0x000000008b100000|  0%| F|  |TAMS 0x000000008b000000, 0x000000008b000000| Untracked 
| 177|0x000000008b100000, 0x000000008b100000, 0x000000008b200000|  0%| F|  |TAMS 0x000000008b100000, 0x000000008b100000| Untracked 
| 178|0x000000008b200000, 0x000000008b200000, 0x000000008b300000|  0%| F|  |TAMS 0x000000008b200000, 0x000000008b200000| Untracked 
| 179|0x000000008b300000, 0x000000008b300000, 0x000000008b400000|  0%| F|  |TAMS 0x000000008b300000, 0x000000008b300000| Untracked 
| 180|0x000000008b400000, 0x000000008b400000, 0x000000008b500000|  0%| F|  |TAMS 0x000000008b400000, 0x000000008b400000| Untracked 
| 181|0x000000008b500000, 0x000000008b500000, 0x000000008b600000|  0%| F|  |TAMS 0x000000008b500000, 0x000000008b500000| Untracked 
| 182|0x000000008b600000, 0x000000008b6e7218, 0x000000008b700000| 90%| E|  |TAMS 0x000000008b600000, 0x000000008b600000| Complete 
| 183|0x000000008b700000, 0x000000008b800000, 0x000000008b800000|100%| E|CS|TAMS 0x000000008b700000, 0x000000008b700000| Complete 
| 184|0x000000008b800000, 0x000000008b900000, 0x000000008b900000|100%| E|CS|TAMS 0x000000008b800000, 0x000000008b800000| Complete 
| 185|0x000000008b900000, 0x000000008ba00000, 0x000000008ba00000|100%| E|CS|TAMS 0x000000008b900000, 0x000000008b900000| Complete 
| 186|0x000000008ba00000, 0x000000008bb00000, 0x000000008bb00000|100%| E|CS|TAMS 0x000000008ba00000, 0x000000008ba00000| Complete 

Card table byte_map: [0x000002c4ac530000,0x000002c4ac930000] _byte_map_base: 0x000002c4ac130000

Marking Bits (Prev, Next): (CMBitMap*) 0x000002c49968dd10, (CMBitMap*) 0x000002c49968dcd8
 Prev Bits: [0x000002c4aed30000, 0x000002c4b0d30000)
 Next Bits: [0x000002c4acd30000, 0x000002c4aed30000)

Polling page: 0x000002c4974d0000

Metaspace:

Usage:
  Non-class:    100.43 MB capacity,    98.46 MB ( 98%) used,     1.60 MB (  2%) free+waste,   383.88 KB ( <1%) overhead. 
      Class:     15.60 MB capacity,    14.45 MB ( 93%) used,  1007.67 KB (  6%) free+waste,   172.13 KB (  1%) overhead. 
       Both:    116.03 MB capacity,   112.91 MB ( 97%) used,     2.58 MB (  2%) free+waste,   556.00 KB ( <1%) overhead. 

Virtual space:
  Non-class space:      102.00 MB reserved,     100.50 MB ( 99%) committed 
      Class space:        1.00 GB reserved,      15.70 MB (  2%) committed 
             Both:        1.10 GB reserved,     116.20 MB ( 10%) committed 

Chunk freelists:
   Non-Class:  5.00 KB
       Class:  0 bytes
        Both:  5.00 KB

MaxMetaspaceSize: 17179869184.00 GB
CompressedClassSpaceSize: 1.00 GB

CodeHeap 'non-profiled nmethods': size=120064Kb used=12283Kb max_used=12283Kb free=107780Kb
 bounds [0x000002c4a4bf0000, 0x000002c4a5800000, 0x000002c4ac130000]
CodeHeap 'profiled nmethods': size=120000Kb used=38500Kb max_used=38500Kb free=81499Kb
 bounds [0x000002c49d6c0000, 0x000002c49fc70000, 0x000002c4a4bf0000]
CodeHeap 'non-nmethods': size=5696Kb used=2343Kb max_used=2431Kb free=3352Kb
 bounds [0x000002c49d130000, 0x000002c49d3a0000, 0x000002c49d6c0000]
 total_blobs=18157 nmethods=17192 adapters=875
 compilation: enabled
              stopped_count=0, restarted_count=0
 full_count=0

Compilation events (20 events):
Event: 494.114 Thread 0x000002c4b3257000 18330       1       com.android.repository.Revision::getMajor (5 bytes)
Event: 494.114 Thread 0x000002c4b3257000 nmethod 18330 0x000002c4a57e2390 code [0x000002c4a57e2540, 0x000002c4a57e25f8]
Event: 494.114 Thread 0x000002c4b3257000 18331       1       com.android.repository.Revision::getMinor (5 bytes)
Event: 494.114 Thread 0x000002c4b3257000 nmethod 18331 0x000002c4a57e2690 code [0x000002c4a57e2840, 0x000002c4a57e28f8]
Event: 494.114 Thread 0x000002c4b3257000 18332       1       com.android.repository.Revision::getMicro (5 bytes)
Event: 494.114 Thread 0x000002c4b3257000 nmethod 18332 0x000002c4a57e2990 code [0x000002c4a57e2b40, 0x000002c4a57e2bf8]
Event: 494.207 Thread 0x000002c4b3256000 nmethod 18306 0x000002c4a57e2c90 code [0x000002c4a57e3080, 0x000002c4a57e6860]
Event: 494.207 Thread 0x000002c4b3256000 18322 %     4       org.gradle.api.internal.artifacts.ivyservice.resolveengine.artifact.ParallelResolveArtifactSet$VisitingSet$StartVisitAction::visitResults @ 10 (43 bytes)
Event: 494.216 Thread 0x000002c4b3256000 nmethod 18322% 0x000002c4a57e8290 code [0x000002c4a57e8440, 0x000002c4a57e86f8]
Event: 494.216 Thread 0x000002c4b3256000 18318       4       org.gradle.api.internal.artifacts.ivyservice.resolveengine.artifact.DefaultArtifactSet::asTransformed (40 bytes)
Event: 494.220 Thread 0x000002c4b3256000 nmethod 18318 0x000002c4a57e8990 code [0x000002c4a57e8b40, 0x000002c4a57e8cc8]
Event: 494.220 Thread 0x000002c4b3256000 18324       4       org.gradle.api.internal.artifacts.transform.AttributeMatchingVariantSelector::tryDisambiguate (258 bytes)
Event: 494.402 Thread 0x000002c4b3256000 nmethod 18324 0x000002c4a57e8e90 code [0x000002c4a57e91e0, 0x000002c4a57eb508]
Event: 494.402 Thread 0x000002c4b3256000 18334       4       org.gradle.internal.Actions::doNothing (4 bytes)
Event: 494.403 Thread 0x000002c4b3256000 nmethod 18334 0x000002c4a57ec710 code [0x000002c4a57ec8a0, 0x000002c4a57ec8f8]
Event: 494.403 Thread 0x000002c4b3256000 18298       4       org.gradle.internal.fingerprint.impl.NameOnlyFingerprintingStrategy::normalizePath (7 bytes)
Event: 494.404 Thread 0x000002c4b3256000 nmethod 18298 0x000002c4a57ec990 code [0x000002c4a57ecb20, 0x000002c4a57ecbb8]
Event: 494.405 Thread 0x000002c4b3256000 18321       4       org.gradle.tooling.internal.provider.runner.ClientForwardingTestOperationListener::finished (102 bytes)
Event: 494.410 Thread 0x000002c4b3256000 nmethod 18321 0x000002c4a57ecc90 code [0x000002c4a57ece40, 0x000002c4a57ecfa8]
Event: 494.432 Thread 0x000002c4b3256000 18335       4       org.gradle.api.internal.artifacts.dsl.ParsedModuleStringNotation::assignValuesFromModuleNotation (115 bytes)

GC Heap History (20 events):
Event: 398.898 GC heap before
{Heap before GC invocations=46 (full 0):
 garbage-first heap   total 191488K, used 153342K [0x0000000080000000, 0x0000000100000000)
  region size 1024K, 24 young (24576K), 1 survivors (1024K)
 Metaspace       used 113980K, capacity 117018K, committed 117196K, reserved 1150976K
  class space    used 14644K, capacity 15796K, committed 15820K, reserved 1048576K
}
Event: 398.908 GC heap after
{Heap after GC invocations=47 (full 0):
 garbage-first heap   total 191488K, used 130392K [0x0000000080000000, 0x0000000100000000)
  region size 1024K, 1 young (1024K), 1 survivors (1024K)
 Metaspace       used 113980K, capacity 117018K, committed 117196K, reserved 1150976K
  class space    used 14644K, capacity 15796K, committed 15820K, reserved 1048576K
}
Event: 407.303 GC heap before
{Heap before GC invocations=48 (full 0):
 garbage-first heap   total 191488K, used 136536K [0x0000000080000000, 0x0000000100000000)
  region size 1024K, 25 young (25600K), 1 survivors (1024K)
 Metaspace       used 114869K, capacity 117966K, committed 118092K, reserved 1150976K
  class space    used 14747K, capacity 15914K, committed 15948K, reserved 1048576K
}
Event: 407.320 GC heap after
{Heap after GC invocations=49 (full 0):
 garbage-first heap   total 191488K, used 114368K [0x0000000080000000, 0x0000000100000000)
  region size 1024K, 3 young (3072K), 3 survivors (3072K)
 Metaspace       used 114869K, capacity 117966K, committed 118092K, reserved 1150976K
  class space    used 14747K, capacity 15914K, committed 15948K, reserved 1048576K
}
Event: 487.607 GC heap before
{Heap before GC invocations=49 (full 0):
 garbage-first heap   total 191488K, used 119488K [0x0000000080000000, 0x0000000100000000)
  region size 1024K, 9 young (9216K), 3 survivors (3072K)
 Metaspace       used 115111K, capacity 118232K, committed 118476K, reserved 1150976K
  class space    used 14779K, capacity 15949K, committed 16076K, reserved 1048576K
}
Event: 487.632 GC heap after
{Heap after GC invocations=50 (full 0):
 garbage-first heap   total 191488K, used 102228K [0x0000000080000000, 0x0000000100000000)
  region size 1024K, 1 young (1024K), 1 survivors (1024K)
 Metaspace       used 115111K, capacity 118232K, committed 118476K, reserved 1150976K
  class space    used 14779K, capacity 15949K, committed 16076K, reserved 1048576K
}
Event: 490.098 GC heap before
{Heap before GC invocations=50 (full 0):
 garbage-first heap   total 191488K, used 140116K [0x0000000080000000, 0x0000000100000000)
  region size 1024K, 38 young (38912K), 1 survivors (1024K)
 Metaspace       used 115366K, capacity 118548K, committed 118732K, reserved 1153024K
  class space    used 14785K, capacity 15959K, committed 16076K, reserved 1048576K
}
Event: 490.123 GC heap after
{Heap after GC invocations=51 (full 0):
 garbage-first heap   total 191488K, used 106113K [0x0000000080000000, 0x0000000100000000)
  region size 1024K, 5 young (5120K), 5 survivors (5120K)
 Metaspace       used 115366K, capacity 118548K, committed 118732K, reserved 1153024K
  class space    used 14785K, capacity 15959K, committed 16076K, reserved 1048576K
}
Event: 491.431 GC heap before
{Heap before GC invocations=52 (full 0):
 garbage-first heap   total 191488K, used 147073K [0x0000000080000000, 0x0000000100000000)
  region size 1024K, 42 young (43008K), 5 survivors (5120K)
 Metaspace       used 115396K, capacity 118548K, committed 118732K, reserved 1153024K
  class space    used 14785K, capacity 15959K, committed 16076K, reserved 1048576K
}
Event: 491.493 GC heap after
{Heap after GC invocations=53 (full 0):
 garbage-first heap   total 191488K, used 127102K [0x0000000080000000, 0x0000000100000000)
  region size 1024K, 6 young (6144K), 6 survivors (6144K)
 Metaspace       used 115396K, capacity 118548K, committed 118732K, reserved 1153024K
  class space    used 14785K, capacity 15959K, committed 16076K, reserved 1048576K
}
Event: 491.604 GC heap before
{Heap before GC invocations=53 (full 0):
 garbage-first heap   total 191488K, used 130174K [0x0000000080000000, 0x0000000100000000)
  region size 1024K, 9 young (9216K), 6 survivors (6144K)
 Metaspace       used 115407K, capacity 118548K, committed 118732K, reserved 1153024K
  class space    used 14785K, capacity 15959K, committed 16076K, reserved 1048576K
}
Event: 491.631 GC heap after
{Heap after GC invocations=54 (full 0):
 garbage-first heap   total 191488K, used 128000K [0x0000000080000000, 0x0000000100000000)
  region size 1024K, 1 young (1024K), 1 survivors (1024K)
 Metaspace       used 115407K, capacity 118548K, committed 118732K, reserved 1153024K
  class space    used 14785K, capacity 15959K, committed 16076K, reserved 1048576K
}
Event: 492.113 GC heap before
{Heap before GC invocations=54 (full 0):
 garbage-first heap   total 191488K, used 137216K [0x0000000080000000, 0x0000000100000000)
  region size 1024K, 12 young (12288K), 1 survivors (1024K)
 Metaspace       used 115410K, capacity 118548K, committed 118732K, reserved 1153024K
  class space    used 14785K, capacity 15959K, committed 16076K, reserved 1048576K
}
Event: 492.152 GC heap after
{Heap after GC invocations=55 (full 0):
 garbage-first heap   total 191488K, used 137031K [0x0000000080000000, 0x0000000100000000)
  region size 1024K, 4 young (4096K), 4 survivors (4096K)
 Metaspace       used 115410K, capacity 118548K, committed 118732K, reserved 1153024K
  class space    used 14785K, capacity 15959K, committed 16076K, reserved 1048576K
}
Event: 493.343 GC heap before
{Heap before GC invocations=56 (full 0):
 garbage-first heap   total 191488K, used 181063K [0x0000000080000000, 0x0000000100000000)
  region size 1024K, 21 young (21504K), 4 survivors (4096K)
 Metaspace       used 115576K, capacity 118738K, committed 118988K, reserved 1153024K
  class space    used 14791K, capacity 15970K, committed 16076K, reserved 1048576K
}
Event: 493.372 GC heap after
{Heap after GC invocations=57 (full 0):
 garbage-first heap   total 191488K, used 137829K [0x0000000080000000, 0x0000000100000000)
  region size 1024K, 2 young (2048K), 2 survivors (2048K)
 Metaspace       used 115576K, capacity 118738K, committed 118988K, reserved 1153024K
  class space    used 14791K, capacity 15970K, committed 16076K, reserved 1048576K
}
Event: 493.491 GC heap before
{Heap before GC invocations=57 (full 0):
 garbage-first heap   total 191488K, used 144997K [0x0000000080000000, 0x0000000100000000)
  region size 1024K, 9 young (9216K), 2 survivors (2048K)
 Metaspace       used 115579K, capacity 118739K, committed 118988K, reserved 1153024K
  class space    used 14791K, capacity 15970K, committed 16076K, reserved 1048576K
}
Event: 493.516 GC heap after
{Heap after GC invocations=58 (full 0):
 garbage-first heap   total 191488K, used 129983K [0x0000000080000000, 0x0000000100000000)
  region size 1024K, 1 young (1024K), 1 survivors (1024K)
 Metaspace       used 115579K, capacity 118739K, committed 118988K, reserved 1153024K
  class space    used 14791K, capacity 15970K, committed 16076K, reserved 1048576K
}
Event: 494.079 GC heap before
{Heap before GC invocations=58 (full 0):
 garbage-first heap   total 191488K, used 151487K [0x0000000080000000, 0x0000000100000000)
  region size 1024K, 22 young (22528K), 1 survivors (1024K)
 Metaspace       used 115595K, capacity 118742K, committed 118988K, reserved 1153024K
  class space    used 14791K, capacity 15970K, committed 16076K, reserved 1048576K
}
Event: 494.087 GC heap after
{Heap after GC invocations=59 (full 0):
 garbage-first heap   total 191488K, used 130230K [0x0000000080000000, 0x0000000100000000)
  region size 1024K, 1 young (1024K), 1 survivors (1024K)
 Metaspace       used 115595K, capacity 118742K, committed 118988K, reserved 1153024K
  class space    used 14791K, capacity 15970K, committed 16076K, reserved 1048576K
}

Deoptimization events (20 events):
Event: 492.181 Thread 0x000002c4bac0a800 DEOPT PACKING pc=0x000002c4a5736bb0 sp=0x000000c9e66f9cd0
Event: 492.181 Thread 0x000002c4bac0a800 DEOPT UNPACKING pc=0x000002c49d15782f sp=0x000000c9e66f9cc0 mode 2
Event: 492.181 Thread 0x000002c4bac0a800 Uncommon trap: trap_request=0xffffffde fr.pc=0x000002c4a5736bb0 relative=0x00000000000058f0
Event: 492.181 Thread 0x000002c4bac0a800 Uncommon trap: reason=class_check action=maybe_recompile pc=0x000002c4a5736bb0 method=com.android.utils.XmlUtils.append(Lcom/android/utils/XmlUtils$PositionAwareStringBuilder;Lorg/w3c/dom/Node;Ljava/util/Map;Ljava/util/Set;)V @ 406 c2
Event: 492.181 Thread 0x000002c4bac0a800 DEOPT PACKING pc=0x000002c4a5736bb0 sp=0x000000c9e66f9cd0
Event: 492.181 Thread 0x000002c4bac0a800 DEOPT UNPACKING pc=0x000002c49d15782f sp=0x000000c9e66f9cc0 mode 2
Event: 492.182 Thread 0x000002c4bac0a800 Uncommon trap: trap_request=0xffffffde fr.pc=0x000002c4a5736bb0 relative=0x00000000000058f0
Event: 492.182 Thread 0x000002c4bac0a800 Uncommon trap: reason=class_check action=maybe_recompile pc=0x000002c4a5736bb0 method=com.android.utils.XmlUtils.append(Lcom/android/utils/XmlUtils$PositionAwareStringBuilder;Lorg/w3c/dom/Node;Ljava/util/Map;Ljava/util/Set;)V @ 406 c2
Event: 492.182 Thread 0x000002c4bac0a800 DEOPT PACKING pc=0x000002c4a5736bb0 sp=0x000000c9e66f9cd0
Event: 492.182 Thread 0x000002c4bac0a800 DEOPT UNPACKING pc=0x000002c49d15782f sp=0x000000c9e66f9cc0 mode 2
Event: 492.182 Thread 0x000002c4bac0a800 Uncommon trap: trap_request=0xffffff4d fr.pc=0x000002c4a5735590 relative=0x00000000000042d0
Event: 492.182 Thread 0x000002c4bac0a800 Uncommon trap: reason=unstable_if action=reinterpret pc=0x000002c4a5735590 method=com.android.utils.XmlUtils.toXmlAttributeValue(Ljava/lang/String;)Ljava/lang/String; @ 27 c2
Event: 492.182 Thread 0x000002c4bac0a800 DEOPT PACKING pc=0x000002c4a5735590 sp=0x000000c9e66f9cd0
Event: 492.182 Thread 0x000002c4bac0a800 DEOPT UNPACKING pc=0x000002c49d15782f sp=0x000000c9e66f9c38 mode 2
Event: 492.559 Thread 0x000002c4bac0a800 DEOPT PACKING pc=0x000002c49fbb5d93 sp=0x000000c9e66fa0e0
Event: 492.559 Thread 0x000002c4bac0a800 DEOPT UNPACKING pc=0x000002c49d15764e sp=0x000000c9e66f95a0 mode 0
Event: 493.274 Thread 0x000002c4b6076800 Uncommon trap: trap_request=0xffffffde fr.pc=0x000002c4a57016e0 relative=0x0000000000005400
Event: 493.274 Thread 0x000002c4b6076800 Uncommon trap: reason=class_check action=maybe_recompile pc=0x000002c4a57016e0 method=org.gradle.api.internal.artifacts.transform.AttributeMatchingVariantSelector.disambiguateWithSchema(Lorg/gradle/internal/component/model/AttributeMatcher;Ljava/util/List
Event: 493.274 Thread 0x000002c4b6076800 DEOPT PACKING pc=0x000002c4a57016e0 sp=0x000000c9e6afb5e0
Event: 493.274 Thread 0x000002c4b6076800 DEOPT UNPACKING pc=0x000002c49d15782f sp=0x000000c9e6afb4a0 mode 2

Classes redefined (0 events):
No events

Internal exceptions (20 events):
Event: 406.779 Thread 0x000002c4b6082000 Exception <a 'sun/nio/fs/WindowsException'{0x000000008abb8480}> (0x000000008abb8480) thrown at [./src/hotspot/share/prims/jni.cpp, line 615]
Event: 406.779 Thread 0x000002c4b6082000 Exception <a 'sun/nio/fs/WindowsException'{0x000000008abb8758}> (0x000000008abb8758) thrown at [./src/hotspot/share/prims/jni.cpp, line 615]
Event: 407.176 Thread 0x000002c4babff000 Exception <a 'java/lang/NoSuchMethodError'{0x000000008a304f08}: <clinit>> (0x000000008a304f08) thrown at [./src/hotspot/share/prims/jni.cpp, line 1362]
Event: 407.182 Thread 0x000002c4babff000 Exception <a 'java/lang/NoSuchMethodError'{0x000000008a324348}: <clinit>> (0x000000008a324348) thrown at [./src/hotspot/share/prims/jni.cpp, line 1362]
Event: 407.784 Thread 0x000002c4babfd800 Exception <a 'java/lang/NoSuchMethodError'{0x000000008b839cc8}: <clinit>> (0x000000008b839cc8) thrown at [./src/hotspot/share/prims/jni.cpp, line 1362]
Event: 407.788 Thread 0x000002c4babfd800 Exception <a 'java/lang/NoSuchMethodError'{0x000000008b84f1f8}: <clinit>> (0x000000008b84f1f8) thrown at [./src/hotspot/share/prims/jni.cpp, line 1362]
Event: 407.788 Thread 0x000002c4babfd800 Exception <a 'java/lang/NoSuchMethodError'{0x000000008b850b70}: <clinit>> (0x000000008b850b70) thrown at [./src/hotspot/share/prims/jni.cpp, line 1362]
Event: 407.793 Thread 0x000002c4babfd800 Exception <a 'java/lang/NoSuchMethodError'{0x000000008b864a28}: <clinit>> (0x000000008b864a28) thrown at [./src/hotspot/share/prims/jni.cpp, line 1362]
Event: 407.795 Thread 0x000002c4babfd800 Exception <a 'java/lang/NoSuchMethodError'{0x000000008b872110}: <clinit>> (0x000000008b872110) thrown at [./src/hotspot/share/prims/jni.cpp, line 1362]
Event: 407.807 Thread 0x000002c4babfd800 Exception <a 'java/lang/NoSuchMethodError'{0x000000008b887078}: <clinit>> (0x000000008b887078) thrown at [./src/hotspot/share/prims/jni.cpp, line 1362]
Event: 407.814 Thread 0x000002c4babfd800 Exception <a 'java/lang/NoSuchMethodError'{0x000000008b8a5378}: <clinit>> (0x000000008b8a5378) thrown at [./src/hotspot/share/prims/jni.cpp, line 1362]
Event: 407.820 Thread 0x000002c4babfd800 Exception <a 'java/lang/NoSuchMethodError'{0x000000008b8b5398}: <clinit>> (0x000000008b8b5398) thrown at [./src/hotspot/share/prims/jni.cpp, line 1362]
Event: 488.280 Thread 0x000002c4b482e000 Exception <a 'sun/nio/fs/WindowsException'{0x000000008aad5478}> (0x000000008aad5478) thrown at [./src/hotspot/share/prims/jni.cpp, line 615]
Event: 488.462 Thread 0x000002c4b482e000 Exception <a 'java/lang/NoClassDefFoundError'{0x000000008a639340}: org/jetbrains/kotlin/gradle/plugin/KotlinBasePluginWrapper> (0x000000008a639340) thrown at [./src/hotspot/share/oops/constantPool.cpp, line 775]
Event: 488.733 Thread 0x000002c4b482e000 Exception <a 'sun/nio/fs/WindowsException'{0x000000008a530cc0}> (0x000000008a530cc0) thrown at [./src/hotspot/share/prims/jni.cpp, line 615]
Event: 488.760 Thread 0x000002c4b482e000 Exception <a 'sun/nio/fs/WindowsException'{0x000000008a5e0668}> (0x000000008a5e0668) thrown at [./src/hotspot/share/prims/jni.cpp, line 615]
Event: 488.760 Thread 0x000002c4b482e000 Exception <a 'sun/nio/fs/WindowsException'{0x000000008a5e1738}> (0x000000008a5e1738) thrown at [./src/hotspot/share/prims/jni.cpp, line 615]
Event: 488.761 Thread 0x000002c4b482e000 Exception <a 'sun/nio/fs/WindowsException'{0x000000008a5e2858}> (0x000000008a5e2858) thrown at [./src/hotspot/share/prims/jni.cpp, line 615]
Event: 488.761 Thread 0x000002c4b482e000 Exception <a 'sun/nio/fs/WindowsException'{0x000000008a5e3978}> (0x000000008a5e3978) thrown at [./src/hotspot/share/prims/jni.cpp, line 615]
Event: 491.338 Thread 0x000002c4bac0a800 Implicit null exception at 0x000002c4a56f8fd3 to 0x000002c4a56f9bf4

Events (20 events):
Event: 492.824 Executing VM operation: RevokeBias done
Event: 492.846 Thread 0x000002c4b486b800 Thread added: 0x000002c4b486b800
Event: 492.954 Executing VM operation: CGC_Operation
Event: 492.984 Executing VM operation: CGC_Operation done
Event: 493.211 Executing VM operation: RevokeBias
Event: 493.213 Executing VM operation: RevokeBias done
Event: 493.221 Executing VM operation: RevokeBias
Event: 493.221 Executing VM operation: RevokeBias done
Event: 493.273 Executing VM operation: RevokeBias
Event: 493.273 Executing VM operation: RevokeBias done
Event: 493.326 Executing VM operation: CGC_Operation
Event: 493.327 Executing VM operation: CGC_Operation done
Event: 493.343 Executing VM operation: G1CollectForAllocation
Event: 493.372 Executing VM operation: G1CollectForAllocation done
Event: 493.491 Executing VM operation: G1CollectForAllocation
Event: 493.516 Executing VM operation: G1CollectForAllocation done
Event: 494.059 Executing VM operation: G1CollectForAllocation
Event: 494.087 Executing VM operation: G1CollectForAllocation done
Event: 494.224 Executing VM operation: RevokeBias
Event: 494.224 Executing VM operation: RevokeBias done


Dynamic libraries:
0x00007ff63d360000 - 0x00007ff63d36a000 	C:\Program Files\Android\Android Studio\jre\bin\java.exe
0x00007ffbdd100000 - 0x00007ffbdd2f0000 	C:\WINDOWS\SYSTEM32\ntdll.dll
0x00007ffbdb390000 - 0x00007ffbdb442000 	C:\WINDOWS\System32\KERNEL32.DLL
0x00007ffbda3b0000 - 0x00007ffbda653000 	C:\WINDOWS\System32\KERNELBASE.dll
0x00007ffbda1e0000 - 0x00007ffbda2da000 	C:\WINDOWS\System32\ucrtbase.dll
0x00007ffbcb720000 - 0x00007ffbcb739000 	C:\Program Files\Android\Android Studio\jre\bin\jli.dll
0x00007ffbdb670000 - 0x00007ffbdb804000 	C:\WINDOWS\System32\USER32.dll
0x00007ffbdb120000 - 0x00007ffbdb141000 	C:\WINDOWS\System32\win32u.dll
0x00007ffbdcb60000 - 0x00007ffbdcb86000 	C:\WINDOWS\System32\GDI32.dll
0x00007ffbda800000 - 0x00007ffbda994000 	C:\WINDOWS\System32\gdi32full.dll
0x00007ffbda310000 - 0x00007ffbda3ae000 	C:\WINDOWS\System32\msvcp_win.dll
0x00007ffbcb180000 - 0x00007ffbcb197000 	C:\Program Files\Android\Android Studio\jre\bin\VCRUNTIME140.dll
0x00007ffbca8a0000 - 0x00007ffbcab25000 	C:\WINDOWS\WinSxS\amd64_microsoft.windows.common-controls_6595b64144ccf1df_6.0.18362.778_none_e6c6b761130d4fb8\COMCTL32.dll
0x00007ffbdc3c0000 - 0x00007ffbdc45e000 	C:\WINDOWS\System32\msvcrt.dll
0x00007ffbdcc20000 - 0x00007ffbdcf56000 	C:\WINDOWS\System32\combase.dll
0x00007ffbdb810000 - 0x00007ffbdb930000 	C:\WINDOWS\System32\RPCRT4.dll
0x00007ffbda710000 - 0x00007ffbda790000 	C:\WINDOWS\System32\bcryptPrimitives.dll
0x00007ffbdb350000 - 0x00007ffbdb37e000 	C:\WINDOWS\System32\IMM32.DLL
0x00007ffba26f0000 - 0x00007ffba278d000 	C:\Program Files\Android\Android Studio\jre\bin\msvcp140.dll
0x00007ffba7310000 - 0x00007ffba7ddf000 	C:\Program Files\Android\Android Studio\jre\bin\server\jvm.dll
0x00007ffbdba00000 - 0x00007ffbdbaa3000 	C:\WINDOWS\System32\ADVAPI32.dll
0x00007ffbdcac0000 - 0x00007ffbdcb57000 	C:\WINDOWS\System32\sechost.dll
0x00007ffbdb380000 - 0x00007ffbdb388000 	C:\WINDOWS\System32\PSAPI.DLL
0x00007ffbd1bb0000 - 0x00007ffbd1bb9000 	C:\WINDOWS\SYSTEM32\WSOCK32.dll
0x00007ffbdb450000 - 0x00007ffbdb4bf000 	C:\WINDOWS\System32\WS2_32.dll
0x00007ffbccc50000 - 0x00007ffbccc5a000 	C:\WINDOWS\SYSTEM32\VERSION.dll
0x00007ffbd7f30000 - 0x00007ffbd7f54000 	C:\WINDOWS\SYSTEM32\WINMM.dll
0x00007ffbd7b90000 - 0x00007ffbd7bbd000 	C:\WINDOWS\SYSTEM32\WINMMBASE.dll
0x00007ffbda7b0000 - 0x00007ffbda7fa000 	C:\WINDOWS\System32\cfgmgr32.dll
0x00007ffbda000000 - 0x00007ffbda011000 	C:\WINDOWS\System32\kernel.appcore.dll
0x00007ffba72f0000 - 0x00007ffba7301000 	C:\Program Files\Android\Android Studio\jre\bin\verify.dll
0x00007ffbc8090000 - 0x00007ffbc8284000 	C:\WINDOWS\SYSTEM32\DBGHELP.DLL
0x00007ffbc7f60000 - 0x00007ffbc7f8a000 	C:\WINDOWS\SYSTEM32\dbgcore.DLL
0x00007ffba72c0000 - 0x00007ffba72e9000 	C:\Program Files\Android\Android Studio\jre\bin\java.dll
0x00007ffbcfaa0000 - 0x00007ffbcfaab000 	C:\Program Files\Android\Android Studio\jre\bin\jimage.dll
0x00007ffba72a0000 - 0x00007ffba72b8000 	C:\Program Files\Android\Android Studio\jre\bin\zip.dll
0x00007ffbdbab0000 - 0x00007ffbdc195000 	C:\WINDOWS\System32\SHELL32.dll
0x00007ffbdb1b0000 - 0x00007ffbdb259000 	C:\WINDOWS\System32\shcore.dll
0x00007ffbda9a0000 - 0x00007ffbdb120000 	C:\WINDOWS\System32\windows.storage.dll
0x00007ffbd9fd0000 - 0x00007ffbd9ff3000 	C:\WINDOWS\System32\profapi.dll
0x00007ffbda040000 - 0x00007ffbda08a000 	C:\WINDOWS\System32\powrprof.dll
0x00007ffbd9fc0000 - 0x00007ffbd9fd0000 	C:\WINDOWS\System32\UMPDC.dll
0x00007ffbdb930000 - 0x00007ffbdb982000 	C:\WINDOWS\System32\shlwapi.dll
0x00007ffbda790000 - 0x00007ffbda7a7000 	C:\WINDOWS\System32\cryptsp.dll
0x00007ffba7280000 - 0x00007ffba729a000 	C:\Program Files\Android\Android Studio\jre\bin\net.dll
0x00007ffbcc570000 - 0x00007ffbcc660000 	C:\WINDOWS\SYSTEM32\WINHTTP.dll
0x00007ffbd97d0000 - 0x00007ffbd9837000 	C:\WINDOWS\system32\mswsock.dll
0x00007ffba7260000 - 0x00007ffba7274000 	C:\Program Files\Android\Android Studio\jre\bin\nio.dll
0x00007ffba3220000 - 0x00007ffba3247000 	C:\Users\noyz\.gradle\native\8bec1ad78214c89d9ad589b4d07fe93259594b29d510b10fafb7a158f7737e5d\windows-amd64\native-platform.dll
0x00007ffba30e0000 - 0x00007ffba321d000 	C:\Users\noyz\.gradle\native\53dbd7edfb1c66fb8903c78663c9afc45aea4f116125fa6feffd364cf09443e8\windows-amd64\native-platform-file-events.dll
0x00007ffbc9a30000 - 0x00007ffbc9a3a000 	C:\Program Files\Android\Android Studio\jre\bin\management.dll
0x00007ffbc94b0000 - 0x00007ffbc94bc000 	C:\Program Files\Android\Android Studio\jre\bin\management_ext.dll
0x00007ffbd9340000 - 0x00007ffbd9373000 	C:\WINDOWS\system32\rsaenh.dll
0x00007ffbda2e0000 - 0x00007ffbda306000 	C:\WINDOWS\System32\bcrypt.dll
0x00007ffbd9ee0000 - 0x00007ffbd9f05000 	C:\WINDOWS\SYSTEM32\USERENV.dll
0x00007ffbd99a0000 - 0x00007ffbd99ac000 	C:\WINDOWS\SYSTEM32\CRYPTBASE.dll
0x00007ffbd94e0000 - 0x00007ffbd951a000 	C:\WINDOWS\SYSTEM32\IPHLPAPI.DLL
0x00007ffbdcc10000 - 0x00007ffbdcc18000 	C:\WINDOWS\System32\NSI.dll
0x00007ffbcce40000 - 0x00007ffbcce56000 	C:\WINDOWS\SYSTEM32\dhcpcsvc6.DLL
0x00007ffbcd070000 - 0x00007ffbcd08c000 	C:\WINDOWS\SYSTEM32\dhcpcsvc.DLL
0x00007ffbd9520000 - 0x00007ffbd95ea000 	C:\WINDOWS\SYSTEM32\DNSAPI.dll
0x00007ffba3580000 - 0x00007ffba35a7000 	C:\Program Files\Android\Android Studio\jre\bin\sunec.dll

dbghelp: loaded successfully - version: 4.0.5 - missing functions: none
symbol engine: initialized successfully - sym options: 0x614 - pdb path: .;C:\Program Files\Android\Android Studio\jre\bin;C:\WINDOWS\SYSTEM32;C:\WINDOWS\WinSxS\amd64_microsoft.windows.common-controls_6595b64144ccf1df_6.0.18362.778_none_e6c6b761130d4fb8;C:\Program Files\Android\Android Studio\jre\bin\server;C:\Users\noyz\.gradle\native\8bec1ad78214c89d9ad589b4d07fe93259594b29d510b10fafb7a158f7737e5d\windows-amd64;C:\Users\noyz\.gradle\native\53dbd7edfb1c66fb8903c78663c9afc45aea4f116125fa6feffd364cf09443e8\windows-amd64

VM Arguments:
jvm_args: --add-opens=java.base/java.util=ALL-UNNAMED --add-opens=java.base/java.lang=ALL-UNNAMED --add-opens=java.base/java.lang.invoke=ALL-UNNAMED --add-opens=java.base/java.util=ALL-UNNAMED --add-opens=java.prefs/java.util.prefs=ALL-UNNAMED --add-opens=java.prefs/java.util.prefs=ALL-UNNAMED --add-opens=java.base/java.nio.charset=ALL-UNNAMED --add-opens=java.base/java.net=ALL-UNNAMED --add-opens=java.base/java.util.concurrent.atomic=ALL-UNNAMED -Xmx2048m -Dfile.encoding=UTF-8 -Duser.country=IL -Duser.language=iw -Duser.variant 
java_command: org.gradle.launcher.daemon.bootstrap.GradleDaemon 7.0.2
java_class_path (initial): C:\Users\noyz\.gradle\wrapper\dists\gradle-7.0.2-bin\857tjihv64xamwrf0h14cai3r\gradle-7.0.2\lib\gradle-launcher-7.0.2.jar
Launcher Type: SUN_STANDARD

[Global flags]
     intx CICompilerCount                          = 3                                         {product} {ergonomic}
     uint ConcGCThreads                            = 1                                         {product} {ergonomic}
     uint G1ConcRefinementThreads                  = 4                                         {product} {ergonomic}
   size_t G1HeapRegionSize                         = 1048576                                   {product} {ergonomic}
    uintx GCDrainStackTargetSize                   = 64                                        {product} {ergonomic}
   size_t InitialHeapSize                          = 134217728                                 {product} {ergonomic}
   size_t MarkStackSize                            = 4194304                                   {product} {ergonomic}
   size_t MaxHeapSize                              = 2147483648                                {product} {command line}
   size_t MaxNewSize                               = 1287651328                                {product} {ergonomic}
   size_t MinHeapDeltaBytes                        = 1048576                                   {product} {ergonomic}
    uintx NonNMethodCodeHeapSize                   = 5830732                                {pd product} {ergonomic}
    uintx NonProfiledCodeHeapSize                  = 122913754                              {pd product} {ergonomic}
    uintx ProfiledCodeHeapSize                     = 122913754                              {pd product} {ergonomic}
    uintx ReservedCodeCacheSize                    = 251658240                              {pd product} {ergonomic}
     bool SegmentedCodeCache                       = true                                      {product} {ergonomic}
     bool UseCompressedClassPointers               = true                                 {lp64_product} {ergonomic}
     bool UseCompressedOops                        = true                                 {lp64_product} {ergonomic}
     bool UseG1GC                                  = true                                      {product} {ergonomic}
     bool UseLargePagesIndividualAllocation        = false                                  {pd product} {ergonomic}

Logging:
Log output configuration:
 #0: stdout all=warning uptime,level,tags
 #1: stderr all=off uptime,level,tags

Environment Variables:
JAVA_HOME=C:\Program Files\Java\jdk-16.0.2
PATH=C:\Program Files\chromedriver;C:\Program Files\Amazon Corretto\jdk11.0.11_9\bin;C:\Program Files\Java\jdk-16.0.2\bin;C:\WINDOWS\system32;C:\WINDOWS;C:\WINDOWS\System32\Wbem;C:\WINDOWS\System32\WindowsPowerShell\v1.0\;C:\WINDOWS\System32\OpenSSH\;C:\Program Files\PuTTY\;C:\Program Files\Java\jdk-16.0.2\bin;C:\Program Files\Git\cmd;C:\Program Files (x86)\Common Files\Oracle\Java\javapath;C:\Program Files\nodejs\;C:\Users\noyz\AppData\Local\Microsoft\WindowsApps;C:\Users\noyz\AppData\Roaming\npm;C:\Program Files\chromedriver;C:\Users\noyz\AppData\Local\GitHubDesktop\bin
USERNAME=noyz
OS=Windows_NT
PROCESSOR_IDENTIFIER=Intel64 Family 6 Model 42 Stepping 7, GenuineIntel



---------------  S Y S T E M  ---------------

OS: Windows 10 , 64 bit Build 18362 (10.0.18362.778)
OS uptime: 3 days 2:45 hours
Hyper-V role detected

CPU:total 4 (initial active 4) (2 cores per cpu, 2 threads per core) family 6 model 42 stepping 7 microcode 0x2e, cmov, cx8, fxsr, mmx, sse, sse2, sse3, ssse3, sse4.1, sse4.2, popcnt, avx, aes, clmul, ht, tsc, tscinvbit

Memory: 4k page, system-wide physical 8101M (2700M free)
TotalPageFile size 14501M (AvailPageFile size 6036M)
current process WorkingSet (physical memory assigned to process): 509M, peak: 519M
current process commit charge ("private bytes"): 534M, peak: 547M

vm_info: OpenJDK 64-Bit Server VM (11.0.10+0-b96-7249189) for windows-amd64 JRE (11.0.10+0-b96-7249189), built on Mar 31 2021 21:44:00 by "builder" with MS VC++ 14.0 (VS2015)

END.
